@!@!@STARTMSG 2262:0 @!@!@
TLC2 Version 2.09 of 10 March 2017
@!@!@ENDMSG 2262 @!@!@
@!@!@STARTMSG 2187:0 @!@!@
Running in Model-Checking mode with 2 workers.
@!@!@ENDMSG 2187 @!@!@
@!@!@STARTMSG 2220:0 @!@!@
Starting SANY...
@!@!@ENDMSG 2220 @!@!@
Parsing file MC.tla
Parsing file shellsort.tla
Parsing file C:\Users\Nicolas\Documents\Télécom Nancy\MALG\toolbox\plugins\org.lamport.tlatools_1.0.0.201704142137\tla2sany\StandardModules\TLC.tla
Parsing file C:\Users\Nicolas\Documents\Télécom Nancy\MALG\toolbox\plugins\org.lamport.tlatools_1.0.0.201704142137\tla2sany\StandardModules\Naturals.tla
Parsing file C:\Users\Nicolas\Documents\Télécom Nancy\MALG\toolbox\plugins\org.lamport.tlatools_1.0.0.201704142137\tla2sany\StandardModules\Sequences.tla
Semantic processing of module Naturals
Semantic processing of module Sequences
Semantic processing of module TLC
Semantic processing of module shellsort
Semantic processing of module MC
@!@!@STARTMSG 2219:0 @!@!@
SANY finished.
@!@!@ENDMSG 2219 @!@!@
@!@!@STARTMSG 2185:0 @!@!@
Starting... (2017-05-05 16:08:53)
@!@!@ENDMSG 2185 @!@!@
@!@!@STARTMSG 2189:0 @!@!@
Computing initial states...
@!@!@ENDMSG 2189 @!@!@
@!@!@STARTMSG 2190:0 @!@!@
Finished computing initial states: 1 distinct state generated.
@!@!@ENDMSG 2190 @!@!@
@!@!@STARTMSG 2114:1 @!@!@
Deadlock reached.
@!@!@ENDMSG 2114 @!@!@
@!@!@STARTMSG 2121:1 @!@!@
The behavior up to this point is:
@!@!@ENDMSG 2121 @!@!@
@!@!@STARTMSG 2217:4 @!@!@
1: <Initial predicate>
/\ trucinc = defaultInitValue
/\ i = defaultInitValue
/\ j = defaultInitValue
/\ p = 1
/\ tri = <<2, 3, 4, 5, 6, 7, 8, 9>>
/\ pc = "Lbl_1"
/\ tmp = defaultInitValue

@!@!@ENDMSG 2217 @!@!@
@!@!@STARTMSG 2217:4 @!@!@
2: <Action line 65, col 10 to line 69, col 42 of module shellsort>
/\ trucinc = 3
/\ i = 1..8
/\ j = defaultInitValue
/\ p = 1
/\ tri = <<2, 3, 4, 5, 6, 7, 8, 9>>
/\ pc = "Lbl_2"
/\ tmp = defaultInitValue

@!@!@ENDMSG 2217 @!@!@
@!@!@STARTMSG 2217:4 @!@!@
3: <Action line 71, col 10 to line 77, col 54 of module shellsort>
/\ trucinc = 3
/\ i = 1..8
/\ j = defaultInitValue
/\ p = 1
/\ tri = <<2, 3, 4, 5, 6, 7, 8, 9>>
/\ pc = "Lbl_3"
/\ tmp = defaultInitValue

@!@!@ENDMSG 2217 @!@!@
@!@!@STARTMSG 2217:4 @!@!@
4: <Action line 79, col 10 to line 89, col 43 of module shellsort>
/\ trucinc = 3
/\ i = {2, 3, 4, 5, 6, 7, 8}
/\ j = 1
/\ p = 1
/\ tri = <<2, 3, 4, 5, 6, 7, 8, 9>>
/\ pc = "Lbl_5"
/\ tmp = 5

@!@!@ENDMSG 2217 @!@!@
@!@!@STARTMSG 2217:4 @!@!@
5: <Action line 91, col 10 to line 100, col 45 of module shellsort>
/\ trucinc = 1
/\ i = {2, 3, 4, 5, 6, 7, 8}
/\ j = 1
/\ p = 1
/\ tri = <<2, 3, 4, 5, 6, 7, 8, 9>>
/\ pc = "Lbl_6"
/\ tmp = 5

@!@!@ENDMSG 2217 @!@!@
@!@!@STARTMSG 2217:4 @!@!@
6: <Action line 102, col 10 to line 105, col 45 of module shellsort>
/\ trucinc = 0
/\ i = {2, 3, 4, 5, 6, 7, 8}
/\ j = 1
/\ p = 1
/\ tri = <<2, 3, 4, 5, 6, 7, 8, 9>>
/\ pc = "Lbl_8"
/\ tmp = 5

@!@!@ENDMSG 2217 @!@!@
@!@!@STARTMSG 2217:4 @!@!@
7: <Action line 112, col 10 to line 115, col 51 of module shellsort>
/\ trucinc = 0
/\ i = {2, 3, 4, 5, 6, 7, 8}
/\ j = 1
/\ p = 2
/\ tri = <<2, 3, 4, 5, 6, 7, 8, 9>>
/\ pc = "Lbl_3"
/\ tmp = 5

@!@!@ENDMSG 2217 @!@!@
@!@!@STARTMSG 2217:4 @!@!@
8: <Action line 79, col 10 to line 89, col 43 of module shellsort>
/\ trucinc = 0
/\ i = {3, 4, 5, 6, 7, 8}
/\ j = 2
/\ p = 2
/\ tri = <<2, 3, 4, 5, 6, 7, 8, 9>>
/\ pc = "Lbl_4"
/\ tmp = 6

@!@!@ENDMSG 2217 @!@!@
@!@!@STARTMSG 2217:4 @!@!@
9: <Action line 117, col 10 to line 124, col 51 of module shellsort>
/\ trucinc = 0
/\ i = {3, 4, 5, 6, 7, 8}
/\ j = 2
/\ p = 2
/\ tri = <<2, 3, 4, 5, 6, 7, 8, 9>>
/\ pc = "Lbl_5"
/\ tmp = 6

@!@!@ENDMSG 2217 @!@!@
@!@!@STARTMSG 2217:4 @!@!@
10: <Action line 91, col 10 to line 100, col 45 of module shellsort>
/\ trucinc = 0
/\ i = {3, 4, 5, 6, 7, 8}
/\ j = 2
/\ p = 2
/\ tri = <<2, 3, 4, 5, 6, 7, 8, 9>>
/\ pc = "Lbl_7"
/\ tmp = 6

@!@!@ENDMSG 2217 @!@!@
@!@!@STARTMSG 2217:4 @!@!@
11: <Action line 107, col 10 to line 110, col 45 of module shellsort>
/\ trucinc = 1
/\ i = {3, 4, 5, 6, 7, 8}
/\ j = 2
/\ p = 2
/\ tri = <<2, 3, 4, 5, 6, 7, 8, 9>>
/\ pc = "Lbl_8"
/\ tmp = 6

@!@!@ENDMSG 2217 @!@!@
@!@!@STARTMSG 2217:4 @!@!@
12: <Action line 112, col 10 to line 115, col 51 of module shellsort>
/\ trucinc = 1
/\ i = {3, 4, 5, 6, 7, 8}
/\ j = 2
/\ p = 3
/\ tri = <<2, 3, 4, 5, 6, 7, 8, 9>>
/\ pc = "Lbl_3"
/\ tmp = 6

@!@!@ENDMSG 2217 @!@!@
@!@!@STARTMSG 2217:4 @!@!@
13: <Action line 79, col 10 to line 89, col 43 of module shellsort>
/\ trucinc = 1
/\ i = {4, 5, 6, 7, 8}
/\ j = 3
/\ p = 3
/\ tri = <<2, 3, 4, 5, 6, 7, 8, 9>>
/\ pc = "Lbl_4"
/\ tmp = 3

@!@!@ENDMSG 2217 @!@!@
@!@!@STARTMSG 2201:0 @!@!@
The coverage statistics at 2017-05-05 16:08:54
@!@!@ENDMSG 2201 @!@!@
@!@!@STARTMSG 2221:0 @!@!@
  line 100, col 26 to line 100, col 26 of module shellsort: 2
@!@!@ENDMSG 2221 @!@!@
@!@!@STARTMSG 2221:0 @!@!@
  line 100, col 29 to line 100, col 29 of module shellsort: 2
@!@!@ENDMSG 2221 @!@!@
@!@!@STARTMSG 2221:0 @!@!@
  line 100, col 32 to line 100, col 34 of module shellsort: 2
@!@!@ENDMSG 2221 @!@!@
@!@!@STARTMSG 2221:0 @!@!@
  line 100, col 37 to line 100, col 39 of module shellsort: 2
@!@!@ENDMSG 2221 @!@!@
@!@!@STARTMSG 2221:0 @!@!@
  line 100, col 42 to line 100, col 42 of module shellsort: 2
@!@!@ENDMSG 2221 @!@!@
@!@!@STARTMSG 2221:0 @!@!@
  line 103, col 13 to line 103, col 24 of module shellsort: 1
@!@!@ENDMSG 2221 @!@!@
@!@!@STARTMSG 2221:0 @!@!@
  line 104, col 13 to line 104, col 25 of module shellsort: 1
@!@!@ENDMSG 2221 @!@!@
@!@!@STARTMSG 2221:0 @!@!@
  line 105, col 26 to line 105, col 26 of module shellsort: 1
@!@!@ENDMSG 2221 @!@!@
@!@!@STARTMSG 2221:0 @!@!@
  line 105, col 29 to line 105, col 29 of module shellsort: 1
@!@!@ENDMSG 2221 @!@!@
@!@!@STARTMSG 2221:0 @!@!@
  line 105, col 32 to line 105, col 34 of module shellsort: 1
@!@!@ENDMSG 2221 @!@!@
@!@!@STARTMSG 2221:0 @!@!@
  line 105, col 37 to line 105, col 39 of module shellsort: 1
@!@!@ENDMSG 2221 @!@!@
@!@!@STARTMSG 2221:0 @!@!@
  line 105, col 42 to line 105, col 42 of module shellsort: 1
@!@!@ENDMSG 2221 @!@!@
@!@!@STARTMSG 2221:0 @!@!@
  line 108, col 13 to line 108, col 24 of module shellsort: 1
@!@!@ENDMSG 2221 @!@!@
@!@!@STARTMSG 2221:0 @!@!@
  line 109, col 13 to line 109, col 25 of module shellsort: 1
@!@!@ENDMSG 2221 @!@!@
@!@!@STARTMSG 2221:0 @!@!@
  line 110, col 26 to line 110, col 26 of module shellsort: 1
@!@!@ENDMSG 2221 @!@!@
@!@!@STARTMSG 2221:0 @!@!@
  line 110, col 29 to line 110, col 29 of module shellsort: 1
@!@!@ENDMSG 2221 @!@!@
@!@!@STARTMSG 2221:0 @!@!@
  line 110, col 32 to line 110, col 34 of module shellsort: 1
@!@!@ENDMSG 2221 @!@!@
@!@!@STARTMSG 2221:0 @!@!@
  line 110, col 37 to line 110, col 39 of module shellsort: 1
@!@!@ENDMSG 2221 @!@!@
@!@!@STARTMSG 2221:0 @!@!@
  line 110, col 42 to line 110, col 42 of module shellsort: 1
@!@!@ENDMSG 2221 @!@!@
@!@!@STARTMSG 2221:0 @!@!@
  line 113, col 13 to line 113, col 20 of module shellsort: 2
@!@!@ENDMSG 2221 @!@!@
@!@!@STARTMSG 2221:0 @!@!@
  line 114, col 13 to line 114, col 25 of module shellsort: 2
@!@!@ENDMSG 2221 @!@!@
@!@!@STARTMSG 2221:0 @!@!@
  line 115, col 26 to line 115, col 32 of module shellsort: 2
@!@!@ENDMSG 2221 @!@!@
@!@!@STARTMSG 2221:0 @!@!@
  line 115, col 35 to line 115, col 35 of module shellsort: 2
@!@!@ENDMSG 2221 @!@!@
@!@!@STARTMSG 2221:0 @!@!@
  line 115, col 38 to line 115, col 38 of module shellsort: 2
@!@!@ENDMSG 2221 @!@!@
@!@!@STARTMSG 2221:0 @!@!@
  line 115, col 41 to line 115, col 43 of module shellsort: 2
@!@!@ENDMSG 2221 @!@!@
@!@!@STARTMSG 2221:0 @!@!@
  line 115, col 46 to line 115, col 48 of module shellsort: 2
@!@!@ENDMSG 2221 @!@!@
@!@!@STARTMSG 2221:0 @!@!@
  line 120, col 24 to line 120, col 37 of module shellsort: 0
@!@!@ENDMSG 2221 @!@!@
@!@!@STARTMSG 2221:0 @!@!@
  line 121, col 24 to line 121, col 36 of module shellsort: 0
@!@!@ENDMSG 2221 @!@!@
@!@!@STARTMSG 2221:0 @!@!@
  line 122, col 24 to line 122, col 36 of module shellsort: 1
@!@!@ENDMSG 2221 @!@!@
@!@!@STARTMSG 2221:0 @!@!@
  line 123, col 24 to line 123, col 29 of module shellsort: 1
@!@!@ENDMSG 2221 @!@!@
@!@!@STARTMSG 2221:0 @!@!@
  line 124, col 26 to line 124, col 32 of module shellsort: 1
@!@!@ENDMSG 2221 @!@!@
@!@!@STARTMSG 2221:0 @!@!@
  line 124, col 35 to line 124, col 35 of module shellsort: 1
@!@!@ENDMSG 2221 @!@!@
@!@!@STARTMSG 2221:0 @!@!@
  line 124, col 38 to line 124, col 40 of module shellsort: 1
@!@!@ENDMSG 2221 @!@!@
@!@!@STARTMSG 2221:0 @!@!@
  line 124, col 43 to line 124, col 45 of module shellsort: 1
@!@!@ENDMSG 2221 @!@!@
@!@!@STARTMSG 2221:0 @!@!@
  line 124, col 48 to line 124, col 48 of module shellsort: 1
@!@!@ENDMSG 2221 @!@!@
@!@!@STARTMSG 2221:0 @!@!@
  line 54, col 12 to line 54, col 18 of module shellsort: 0
@!@!@ENDMSG 2221 @!@!@
@!@!@STARTMSG 2221:0 @!@!@
  line 54, col 21 to line 54, col 21 of module shellsort: 0
@!@!@ENDMSG 2221 @!@!@
@!@!@STARTMSG 2221:0 @!@!@
  line 54, col 24 to line 54, col 24 of module shellsort: 0
@!@!@ENDMSG 2221 @!@!@
@!@!@STARTMSG 2221:0 @!@!@
  line 54, col 27 to line 54, col 29 of module shellsort: 0
@!@!@ENDMSG 2221 @!@!@
@!@!@STARTMSG 2221:0 @!@!@
  line 54, col 32 to line 54, col 34 of module shellsort: 0
@!@!@ENDMSG 2221 @!@!@
@!@!@STARTMSG 2221:0 @!@!@
  line 54, col 37 to line 54, col 37 of module shellsort: 0
@!@!@ENDMSG 2221 @!@!@
@!@!@STARTMSG 2221:0 @!@!@
  line 54, col 40 to line 54, col 41 of module shellsort: 0
@!@!@ENDMSG 2221 @!@!@
@!@!@STARTMSG 2221:0 @!@!@
  line 66, col 13 to line 66, col 24 of module shellsort: 1
@!@!@ENDMSG 2221 @!@!@
@!@!@STARTMSG 2221:0 @!@!@
  line 67, col 13 to line 67, col 27 of module shellsort: 1
@!@!@ENDMSG 2221 @!@!@
@!@!@STARTMSG 2221:0 @!@!@
  line 68, col 13 to line 68, col 25 of module shellsort: 1
@!@!@ENDMSG 2221 @!@!@
@!@!@STARTMSG 2221:0 @!@!@
  line 69, col 26 to line 69, col 26 of module shellsort: 1
@!@!@ENDMSG 2221 @!@!@
@!@!@STARTMSG 2221:0 @!@!@
  line 69, col 29 to line 69, col 31 of module shellsort: 1
@!@!@ENDMSG 2221 @!@!@
@!@!@STARTMSG 2221:0 @!@!@
  line 69, col 34 to line 69, col 36 of module shellsort: 1
@!@!@ENDMSG 2221 @!@!@
@!@!@STARTMSG 2221:0 @!@!@
  line 69, col 39 to line 69, col 39 of module shellsort: 1
@!@!@ENDMSG 2221 @!@!@
@!@!@STARTMSG 2221:0 @!@!@
  line 73, col 24 to line 73, col 36 of module shellsort: 1
@!@!@ENDMSG 2221 @!@!@
@!@!@STARTMSG 2221:0 @!@!@
  line 76, col 24 to line 76, col 35 of module shellsort: 0
@!@!@ENDMSG 2221 @!@!@
@!@!@STARTMSG 2221:0 @!@!@
  line 77, col 26 to line 77, col 32 of module shellsort: 1
@!@!@ENDMSG 2221 @!@!@
@!@!@STARTMSG 2221:0 @!@!@
  line 77, col 35 to line 77, col 35 of module shellsort: 1
@!@!@ENDMSG 2221 @!@!@
@!@!@STARTMSG 2221:0 @!@!@
  line 77, col 38 to line 77, col 38 of module shellsort: 1
@!@!@ENDMSG 2221 @!@!@
@!@!@STARTMSG 2221:0 @!@!@
  line 77, col 41 to line 77, col 43 of module shellsort: 1
@!@!@ENDMSG 2221 @!@!@
@!@!@STARTMSG 2221:0 @!@!@
  line 77, col 46 to line 77, col 48 of module shellsort: 1
@!@!@ENDMSG 2221 @!@!@
@!@!@STARTMSG 2221:0 @!@!@
  line 77, col 51 to line 77, col 51 of module shellsort: 1
@!@!@ENDMSG 2221 @!@!@
@!@!@STARTMSG 2221:0 @!@!@
  line 81, col 24 to line 81, col 35 of module shellsort: 3
@!@!@ENDMSG 2221 @!@!@
@!@!@STARTMSG 2221:0 @!@!@
  line 82, col 24 to line 82, col 29 of module shellsort: 3
@!@!@ENDMSG 2221 @!@!@
@!@!@STARTMSG 2221:0 @!@!@
  line 83, col 24 to line 83, col 34 of module shellsort: 3
@!@!@ENDMSG 2221 @!@!@
@!@!@STARTMSG 2221:0 @!@!@
  line 85, col 35 to line 85, col 47 of module shellsort: 2
@!@!@ENDMSG 2221 @!@!@
@!@!@STARTMSG 2221:0 @!@!@
  line 86, col 35 to line 86, col 47 of module shellsort: 1
@!@!@ENDMSG 2221 @!@!@
@!@!@STARTMSG 2221:0 @!@!@
  line 87, col 24 to line 87, col 36 of module shellsort: 0
@!@!@ENDMSG 2221 @!@!@
@!@!@STARTMSG 2221:0 @!@!@
  line 88, col 37 to line 88, col 37 of module shellsort: 0
@!@!@ENDMSG 2221 @!@!@
@!@!@STARTMSG 2221:0 @!@!@
  line 88, col 40 to line 88, col 40 of module shellsort: 0
@!@!@ENDMSG 2221 @!@!@
@!@!@STARTMSG 2221:0 @!@!@
  line 88, col 43 to line 88, col 45 of module shellsort: 0
@!@!@ENDMSG 2221 @!@!@
@!@!@STARTMSG 2221:0 @!@!@
  line 89, col 26 to line 89, col 32 of module shellsort: 3
@!@!@ENDMSG 2221 @!@!@
@!@!@STARTMSG 2221:0 @!@!@
  line 89, col 35 to line 89, col 37 of module shellsort: 3
@!@!@ENDMSG 2221 @!@!@
@!@!@STARTMSG 2221:0 @!@!@
  line 89, col 40 to line 89, col 40 of module shellsort: 3
@!@!@ENDMSG 2221 @!@!@
@!@!@STARTMSG 2221:0 @!@!@
  line 94, col 24 to line 94, col 50 of module shellsort: 1
@!@!@ENDMSG 2221 @!@!@
@!@!@STARTMSG 2221:0 @!@!@
  line 96, col 34 to line 96, col 40 of module shellsort: 1
@!@!@ENDMSG 2221 @!@!@
@!@!@STARTMSG 2221:0 @!@!@
  line 98, col 24 to line 98, col 36 of module shellsort: 1
@!@!@ENDMSG 2221 @!@!@
@!@!@STARTMSG 2221:0 @!@!@
  line 99, col 24 to line 99, col 36 of module shellsort: 1
@!@!@ENDMSG 2221 @!@!@
@!@!@STARTMSG 2202:0 @!@!@
End of statistics.
@!@!@ENDMSG 2202 @!@!@
@!@!@STARTMSG 2200:0 @!@!@
Progress(13) at 2017-05-05 16:08:54: 13 states generated (1 588 s/min), 13 distinct states found (1 588 ds/min), 0 states left on queue.
@!@!@ENDMSG 2200 @!@!@
@!@!@STARTMSG 2199:0 @!@!@
13 states generated, 13 distinct states found, 0 states left on queue.
@!@!@ENDMSG 2199 @!@!@
@!@!@STARTMSG 2194:0 @!@!@
The depth of the complete state graph search is 13.
@!@!@ENDMSG 2194 @!@!@
@!@!@STARTMSG 2186:0 @!@!@
Finished in 00s at (2017-05-05 16:08:54)
@!@!@ENDMSG 2186 @!@!@
